value=
val_type=shmem_wave
data_type=double
value_id=4587521
semaphore_id=2752514
eval_id=
value=
val_type=shmem_wave
data_type=double
value_id=4587521
semaphore_id=2752514
eval_id=
value=
val_type=shmem_wave
data_type=double
value_id=4587521
semaphore_id=2752514
eval_id=
value=
val_type=shmem_wave
data_type=double
value_id=4587521
semaphore_id=2752514
eval_id=
value=
val_type=shmem_wave
data_type=double
value_id=4587521
semaphore_id=2752514
eval_id=
value=
val_type=shmem_wave
data_type=double
value_id=4587521
semaphore_id=2752514
eval_id=
value=
val_type=shmem_wave
data_type=double
value_id=4587521
semaphore_id=2752514
eval_id=
value=
val_type=shmem_wave
data_type=double
value_id=4587521
semaphore_id=2752514
eval_id=
value=ERROR : ("frequency" 24 t nil ("*Error* frequency: too few arguments (1 expected, 0 given)" nil))
val_type=error
data_type=string
value_id=
semaphore_id=
eval_id=8_frequency()
value=ERROR : ("lineread/read" 26 t nil ("*Error* lineread/read: syntax error encountered in input"))
val_type=error
data_type=string
value_id=
semaphore_id=
eval_id=9_frequency(/net10)
value=ERROR : ("eval" 27 t nil ("*Error* eval: unbound variable" net10))
val_type=error
data_type=string
value_id=
semaphore_id=
eval_id=10_frequency(net10)
value=nil
val_type=scalar
data_type=string
value_id=
semaphore_id=
eval_id=11_frequency(0)
value=nil
val_type=scalar
data_type=string
value_id=
semaphore_id=
eval_id=12_frequency(graph1.trace1)
value=ERROR : ("eval" 28 t nil ("*Error* eval: unbound variable" trace1))
val_type=error
data_type=string
value_id=
semaphore_id=
eval_id=13_frequency(trace1)
value=ERROR : ("eval" 29 t nil ("*Error* eval: unbound variable" trace1))
val_type=error
data_type=string
value_id=
semaphore_id=
eval_id=14_frequency(trace1)
value=nil
val_type=scalar
data_type=string
value_id=
semaphore_id=
eval_id=15_frequency(graph1.trace1)
value=
val_type=shmem_wave
data_type=double
value_id=4653057
semaphore_id=2752514
eval_id=16_v("/net10" ?result "tran-tran")
value=ERROR : ("freq" 30 t nil ("*Error* freq: extra arguments or keyword missing" ("tran-tran")))
val_type=error
data_type=string
value_id=
semaphore_id=
eval_id=18_freq("/net10" ?result "tran-tran")
value=ERROR : ("frequency" 31 t nil ("*Error* frequency: too many arguments (1 expected, 3 given)" ("/net10" ?result "tran-tran")))
val_type=error
data_type=string
value_id=
semaphore_id=
eval_id=19_frequency("/net10" ?result "tran-tran")
value=nil
val_type=scalar
data_type=string
value_id=
semaphore_id=
eval_id=20_frequency("/net10")
value=ERROR : ("freq" 32 t nil ("*Error* freq: too few arguments (at least 2 expected, 1 given)" ("/net10")))
val_type=error
data_type=string
value_id=
semaphore_id=
eval_id=21_freq("/net10")
